#
# There is insufficient memory for the Java Runtime Environment to continue.
# Native memory allocation (malloc) failed to allocate 310256 bytes. Error detail: Chunk::new
# Possible reasons:
#   The system is out of physical RAM or swap space
#   This process is running with CompressedOops enabled, and the Java Heap may be blocking the growth of the native heap
# Possible solutions:
#   Reduce memory load on the system
#   Increase physical memory or swap space
#   Check if swap backing store is full
#   Decrease Java heap size (-Xmx/-Xms)
#   Decrease number of Java threads
#   Decrease Java thread stack sizes (-Xss)
#   Set larger code cache with -XX:ReservedCodeCacheSize=
#   JVM is running with Unscaled Compressed Oops mode in which the Java heap is
#     placed in the first 4GB address space. The Java Heap base address is the
#     maximum limit for the native heap growth. Please use -XX:HeapBaseMinAddress
#     to set the Java Heap base and to place the Java Heap above 4GB virtual address.
# This output file may be truncated or incomplete.
#
#  Out of Memory Error (arena.cpp:191), pid=20648, tid=10860
#
# JRE version: OpenJDK Runtime Environment Temurin-17.0.11+9 (17.0.11+9) (build 17.0.11+9)
# Java VM: OpenJDK 64-Bit Server VM Temurin-17.0.11+9 (17.0.11+9, mixed mode, tiered, compressed oops, compressed class ptrs, g1 gc, windows-amd64)
# No core dump will be written. Minidumps are not enabled by default on client versions of Windows
#

---------------  S U M M A R Y ------------

Command Line: -XX:+ShowCodeDetailsInExceptionMessages com.Employee.EmployeeManagementApplication

Host: Intel(R) Core(TM) i5-10300H CPU @ 2.50GHz, 8 cores, 7G,  Windows 11 , 64 bit Build 22621 (10.0.22621.3672)
Time: Sun Aug  4 22:03:32 2024 India Standard Time elapsed time: 2107.187194 seconds (0d 0h 35m 7s)

---------------  T H R E A D  ---------------

Current thread (0x000002067e6273f0):  JavaThread "C2 CompilerThread0" daemon [_thread_in_native, id=10860, stack(0x0000002f1e500000,0x0000002f1e600000)]


Current CompileTask:
C2:2107187 4853       4       org.springframework.boot.context.config.ConfigDataEnvironmentContributor$ContributorIterator::fetchIfNecessary (153 bytes)

Stack: [0x0000002f1e500000,0x0000002f1e600000]
Native frames: (J=compiled Java code, j=interpreted, Vv=VM code, C=native code)
V  [jvm.dll+0x67d429]
V  [jvm.dll+0x834b7a]
V  [jvm.dll+0x83663e]
V  [jvm.dll+0x836ca3]
V  [jvm.dll+0x247dbf]
V  [jvm.dll+0xac534]
V  [jvm.dll+0xacb7c]
V  [jvm.dll+0x566108]
V  [jvm.dll+0x330be9]
V  [jvm.dll+0x33005a]
V  [jvm.dll+0x21a471]
V  [jvm.dll+0x2198b1]
V  [jvm.dll+0x1a534d]
V  [jvm.dll+0x2295cd]
V  [jvm.dll+0x22779c]
V  [jvm.dll+0x7e9d07]
V  [jvm.dll+0x7e410a]
V  [jvm.dll+0x67c315]
C  [ucrtbase.dll+0x29333]
C  [KERNEL32.DLL+0x1257d]
C  [ntdll.dll+0x5af28]


---------------  P R O C E S S  ---------------

Threads class SMR info:
_java_thread_list=0x000002067efe1970, length=15, elements={
0x000002067e5d0270, 0x000002067e5d0f00, 0x000002067e5deac0, 0x000002067e5fe610,
0x000002067e600ef0, 0x000002067e6017c0, 0x000002067e6273f0, 0x000002067e62b9e0,
0x000002067e62bf00, 0x000002067e77d8a0, 0x000002067e78dbe0, 0x00000206069a4e80,
0x00000206054ab060, 0x00000206054afc50, 0x00000206054b0160
}

Java Threads: ( => current thread )
  0x000002067e5d0270 JavaThread "Reference Handler" daemon [_thread_blocked, id=22764, stack(0x0000002f1df00000,0x0000002f1e000000)]
  0x000002067e5d0f00 JavaThread "Finalizer" daemon [_thread_blocked, id=8668, stack(0x0000002f1e000000,0x0000002f1e100000)]
  0x000002067e5deac0 JavaThread "Signal Dispatcher" daemon [_thread_blocked, id=23884, stack(0x0000002f1e100000,0x0000002f1e200000)]
  0x000002067e5fe610 JavaThread "Attach Listener" daemon [_thread_blocked, id=12252, stack(0x0000002f1e200000,0x0000002f1e300000)]
  0x000002067e600ef0 JavaThread "Service Thread" daemon [_thread_blocked, id=4476, stack(0x0000002f1e300000,0x0000002f1e400000)]
  0x000002067e6017c0 JavaThread "Monitor Deflation Thread" daemon [_thread_blocked, id=25280, stack(0x0000002f1e400000,0x0000002f1e500000)]
=>0x000002067e6273f0 JavaThread "C2 CompilerThread0" daemon [_thread_in_native, id=10860, stack(0x0000002f1e500000,0x0000002f1e600000)]
  0x000002067e62b9e0 JavaThread "C1 CompilerThread0" daemon [_thread_blocked, id=2736, stack(0x0000002f1e600000,0x0000002f1e700000)]
  0x000002067e62bf00 JavaThread "Sweeper thread" daemon [_thread_blocked, id=8872, stack(0x0000002f1e700000,0x0000002f1e800000)]
  0x000002067e77d8a0 JavaThread "Notification Thread" daemon [_thread_blocked, id=15916, stack(0x0000002f1e800000,0x0000002f1e900000)]
  0x000002067e78dbe0 JavaThread "Common-Cleaner" daemon [_thread_blocked, id=13584, stack(0x0000002f1ea00000,0x0000002f1eb00000)]
  0x00000206069a4e80 JavaThread "Live Reload Server" daemon [_thread_in_native, id=26904, stack(0x0000002f1fc00000,0x0000002f1fd00000)]
  0x00000206054ab060 JavaThread "DestroyJavaVM" [_thread_blocked, id=24348, stack(0x0000002f1d800000,0x0000002f1d900000)]
  0x00000206054afc50 JavaThread "Thread-5" [_thread_blocked, id=13088, stack(0x0000002f1d500000,0x0000002f1d600000)]
  0x00000206054b0160 JavaThread "restartedMain" [_thread_in_native, id=7092, stack(0x0000002f1d700000,0x0000002f1d800000)]

Other Threads:
  0x000002067e5a8430 VMThread "VM Thread" [stack: 0x0000002f1de00000,0x0000002f1df00000] [id=22948]
  0x000002067e555d70 WatcherThread [stack: 0x0000002f1e900000,0x0000002f1ea00000] [id=13528]
  0x00000206631c0770 GCTaskThread "GC Thread#0" [stack: 0x0000002f1d900000,0x0000002f1da00000] [id=24064]
  0x000002067f12d690 GCTaskThread "GC Thread#1" [stack: 0x0000002f1ee00000,0x0000002f1ef00000] [id=26232]
  0x000002067f12dd60 GCTaskThread "GC Thread#2" [stack: 0x0000002f1ef00000,0x0000002f1f000000] [id=6920]
  0x000002067f12e020 GCTaskThread "GC Thread#3" [stack: 0x0000002f1f000000,0x0000002f1f100000] [id=18992]
  0x000002067f12e2e0 GCTaskThread "GC Thread#4" [stack: 0x0000002f1f100000,0x0000002f1f200000] [id=20208]
  0x000002067edd2bb0 GCTaskThread "GC Thread#5" [stack: 0x0000002f1f200000,0x0000002f1f300000] [id=15600]
  0x0000020604626140 GCTaskThread "GC Thread#6" [stack: 0x0000002f1f400000,0x0000002f1f500000] [id=11152]
  0x00000206048a10e0 GCTaskThread "GC Thread#7" [stack: 0x0000002f1f500000,0x0000002f1f600000] [id=13192]
  0x00000206631d10d0 ConcurrentGCThread "G1 Main Marker" [stack: 0x0000002f1da00000,0x0000002f1db00000] [id=23048]
  0x00000206631d2a10 ConcurrentGCThread "G1 Conc#0" [stack: 0x0000002f1db00000,0x0000002f1dc00000] [id=2552]
  0x00000206044a2fb0 ConcurrentGCThread "G1 Conc#1" [stack: 0x0000002f1f600000,0x0000002f1f700000] [id=7516]
  0x000002066320e620 ConcurrentGCThread "G1 Refine#0" [stack: 0x0000002f1dc00000,0x0000002f1dd00000] [id=16136]
  0x000002067e41e120 ConcurrentGCThread "G1 Service" [stack: 0x0000002f1dd00000,0x0000002f1de00000] [id=25604]

Threads with active compile tasks:
C2 CompilerThread0  2107212 4853       4       org.springframework.boot.context.config.ConfigDataEnvironmentContributor$ContributorIterator::fetchIfNecessary (153 bytes)

VM state: not at safepoint (normal execution)

VM Mutex/Monitor currently owned by a thread: None

Heap address: 0x0000000082800000, size: 2008 MB, Compressed Oops mode: 32-bit

CDS archive(s) not mapped
Compressed class space mapped at: 0x0000000100000000-0x0000000140000000, reserved size: 1073741824
Narrow klass base: 0x0000000000000000, Narrow klass shift: 3, Narrow klass range: 0x140000000

GC Precious Log:
 CPUs: 8 total, 8 available
 Memory: 8029M
 Large Page Support: Disabled
 NUMA Support: Disabled
 Compressed Oops: Enabled (32-bit)
 Heap Region Size: 1M
 Heap Min Capacity: 8M
 Heap Initial Capacity: 126M
 Heap Max Capacity: 2008M
 Pre-touch: Disabled
 Parallel Workers: 8
 Concurrent Workers: 2
 Concurrent Refinement Workers: 8
 Periodic GC: Disabled

Heap:
 garbage-first heap   total 55296K, used 18994K [0x0000000082800000, 0x0000000100000000)
  region size 1024K, 5 young (5120K), 0 survivors (0K)
 Metaspace       used 41503K, committed 42048K, reserved 1114112K
  class space    used 5061K, committed 5312K, reserved 1048576K

Heap Regions: E=young(eden), S=young(survivor), O=old, HS=humongous(starts), HC=humongous(continues), CS=collection set, F=free, OA=open archive, CA=closed archive, TAMS=top-at-mark-start (previous, next)
|   0|0x0000000082800000, 0x0000000082900000, 0x0000000082900000|100%| O|  |TAMS 0x0000000082900000, 0x0000000082800000| Untracked 
|   1|0x0000000082900000, 0x00000000829ef250, 0x0000000082a00000| 93%| O|  |TAMS 0x0000000082900000, 0x0000000082900000| Untracked 
|   2|0x0000000082a00000, 0x0000000082afffe8, 0x0000000082b00000| 99%| O|  |TAMS 0x0000000082a00000, 0x0000000082a00000| Untracked 
|   3|0x0000000082b00000, 0x0000000082bfffe0, 0x0000000082c00000| 99%| O|  |TAMS 0x0000000082b00000, 0x0000000082b00000| Untracked 
|   4|0x0000000082c00000, 0x0000000082cfffe0, 0x0000000082d00000| 99%| O|  |TAMS 0x0000000082c00000, 0x0000000082c00000| Untracked 
|   5|0x0000000082d00000, 0x0000000082dfffd0, 0x0000000082e00000| 99%| O|  |TAMS 0x0000000082d00000, 0x0000000082d00000| Untracked 
|   6|0x0000000082e00000, 0x0000000082efffc0, 0x0000000082f00000| 99%| O|  |TAMS 0x0000000082e00000, 0x0000000082e00000| Untracked 
|   7|0x0000000082f00000, 0x0000000082fffff8, 0x0000000083000000| 99%| O|  |TAMS 0x0000000082f00000, 0x0000000082f00000| Untracked 
|   8|0x0000000083000000, 0x00000000830fffe0, 0x0000000083100000| 99%| O|  |TAMS 0x0000000083000000, 0x0000000083000000| Untracked 
|   9|0x0000000083100000, 0x00000000831ffff0, 0x0000000083200000| 99%| O|  |TAMS 0x0000000083100000, 0x0000000083100000| Untracked 
|  10|0x0000000083200000, 0x0000000083300000, 0x0000000083300000|100%| O|  |TAMS 0x0000000083300000, 0x0000000083200000| Untracked 
|  11|0x0000000083300000, 0x000000008337c8c8, 0x0000000083400000| 48%| O|  |TAMS 0x0000000083300000, 0x0000000083300000| Untracked 
|  12|0x0000000083400000, 0x00000000834ffa18, 0x0000000083500000| 99%| O|  |TAMS 0x0000000083400000, 0x0000000083400000| Untracked 
|  13|0x0000000083500000, 0x0000000083600000, 0x0000000083600000|100%| O|  |TAMS 0x0000000083600000, 0x0000000083500000| Untracked 
|  14|0x0000000083600000, 0x0000000083600000, 0x0000000083700000|  0%| F|  |TAMS 0x0000000083600000, 0x0000000083600000| Untracked 
|  15|0x0000000083700000, 0x00000000837ff618, 0x0000000083800000| 99%| O|  |TAMS 0x0000000083700000, 0x0000000083700000| Untracked 
|  16|0x0000000083800000, 0x0000000083821fe8, 0x0000000083900000| 13%| O|  |TAMS 0x0000000083800000, 0x0000000083800000| Untracked 
|  17|0x0000000083900000, 0x0000000083900000, 0x0000000083a00000|  0%| F|  |TAMS 0x0000000083900000, 0x0000000083900000| Untracked 
|  18|0x0000000083a00000, 0x0000000083a00000, 0x0000000083b00000|  0%| F|  |TAMS 0x0000000083a00000, 0x0000000083a00000| Untracked 
|  19|0x0000000083b00000, 0x0000000083b00000, 0x0000000083c00000|  0%| F|  |TAMS 0x0000000083b00000, 0x0000000083b00000| Untracked 
|  20|0x0000000083c00000, 0x0000000083c00000, 0x0000000083d00000|  0%| F|  |TAMS 0x0000000083c00000, 0x0000000083c00000| Untracked 
|  21|0x0000000083d00000, 0x0000000083d00000, 0x0000000083e00000|  0%| F|  |TAMS 0x0000000083d00000, 0x0000000083d00000| Untracked 
|  22|0x0000000083e00000, 0x0000000083e00000, 0x0000000083f00000|  0%| F|  |TAMS 0x0000000083e00000, 0x0000000083e00000| Untracked 
|  23|0x0000000083f00000, 0x0000000083f00000, 0x0000000084000000|  0%| F|  |TAMS 0x0000000083f00000, 0x0000000083f00000| Untracked 
|  24|0x0000000084000000, 0x0000000084000000, 0x0000000084100000|  0%| F|  |TAMS 0x0000000084000000, 0x0000000084000000| Untracked 
|  25|0x0000000084100000, 0x0000000084100000, 0x0000000084200000|  0%| F|  |TAMS 0x0000000084100000, 0x0000000084100000| Untracked 
|  26|0x0000000084200000, 0x0000000084200000, 0x0000000084300000|  0%| F|  |TAMS 0x0000000084200000, 0x0000000084200000| Untracked 
|  27|0x0000000084300000, 0x0000000084300000, 0x0000000084400000|  0%| F|  |TAMS 0x0000000084300000, 0x0000000084300000| Untracked 
|  28|0x0000000084400000, 0x0000000084400000, 0x0000000084500000|  0%| F|  |TAMS 0x0000000084400000, 0x0000000084400000| Untracked 
|  29|0x0000000084500000, 0x0000000084500000, 0x0000000084600000|  0%| F|  |TAMS 0x0000000084500000, 0x0000000084500000| Untracked 
|  30|0x0000000084600000, 0x0000000084600000, 0x0000000084700000|  0%| F|  |TAMS 0x0000000084600000, 0x0000000084600000| Untracked 
|  31|0x0000000084700000, 0x0000000084700000, 0x0000000084800000|  0%| F|  |TAMS 0x0000000084700000, 0x0000000084700000| Untracked 
|  32|0x0000000084800000, 0x0000000084800000, 0x0000000084900000|  0%| F|  |TAMS 0x0000000084800000, 0x0000000084800000| Untracked 
|  33|0x0000000084900000, 0x0000000084900000, 0x0000000084a00000|  0%| F|  |TAMS 0x0000000084900000, 0x0000000084900000| Untracked 
|  34|0x0000000084a00000, 0x0000000084a00000, 0x0000000084b00000|  0%| F|  |TAMS 0x0000000084a00000, 0x0000000084a00000| Untracked 
|  35|0x0000000084b00000, 0x0000000084b00000, 0x0000000084c00000|  0%| F|  |TAMS 0x0000000084b00000, 0x0000000084b00000| Untracked 
|  36|0x0000000084c00000, 0x0000000084c00000, 0x0000000084d00000|  0%| F|  |TAMS 0x0000000084c00000, 0x0000000084c00000| Untracked 
|  37|0x0000000084d00000, 0x0000000084d00000, 0x0000000084e00000|  0%| F|  |TAMS 0x0000000084d00000, 0x0000000084d00000| Untracked 
|  38|0x0000000084e00000, 0x0000000084e00000, 0x0000000084f00000|  0%| F|  |TAMS 0x0000000084e00000, 0x0000000084e00000| Untracked 
|  39|0x0000000084f00000, 0x0000000084f00000, 0x0000000085000000|  0%| F|  |TAMS 0x0000000084f00000, 0x0000000084f00000| Untracked 
|  40|0x0000000085000000, 0x0000000085000000, 0x0000000085100000|  0%| F|  |TAMS 0x0000000085000000, 0x0000000085000000| Untracked 
|  41|0x0000000085100000, 0x0000000085100000, 0x0000000085200000|  0%| F|  |TAMS 0x0000000085100000, 0x0000000085100000| Untracked 
|  42|0x0000000085200000, 0x0000000085200000, 0x0000000085300000|  0%| F|  |TAMS 0x0000000085200000, 0x0000000085200000| Untracked 
|  43|0x0000000085300000, 0x0000000085300000, 0x0000000085400000|  0%| F|  |TAMS 0x0000000085300000, 0x0000000085300000| Untracked 
|  44|0x0000000085400000, 0x0000000085400000, 0x0000000085500000|  0%| F|  |TAMS 0x0000000085400000, 0x0000000085400000| Untracked 
|  45|0x0000000085500000, 0x0000000085500000, 0x0000000085600000|  0%| F|  |TAMS 0x0000000085500000, 0x0000000085500000| Untracked 
|  46|0x0000000085600000, 0x0000000085600000, 0x0000000085700000|  0%| F|  |TAMS 0x0000000085600000, 0x0000000085600000| Untracked 
|  47|0x0000000085700000, 0x0000000085700000, 0x0000000085800000|  0%| F|  |TAMS 0x0000000085700000, 0x0000000085700000| Untracked 
|  48|0x0000000085800000, 0x0000000085800000, 0x0000000085900000|  0%| F|  |TAMS 0x0000000085800000, 0x0000000085800000| Untracked 
|  49|0x0000000085900000, 0x00000000859c0e80, 0x0000000085a00000| 75%| E|  |TAMS 0x0000000085900000, 0x0000000085900000| Complete 
|  67|0x0000000086b00000, 0x0000000086c00000, 0x0000000086c00000|100%| E|CS|TAMS 0x0000000086b00000, 0x0000000086b00000| Complete 
|  68|0x0000000086c00000, 0x0000000086d00000, 0x0000000086d00000|100%| E|CS|TAMS 0x0000000086c00000, 0x0000000086c00000| Complete 
|  69|0x0000000086d00000, 0x0000000086e00000, 0x0000000086e00000|100%| E|CS|TAMS 0x0000000086d00000, 0x0000000086d00000| Complete 
| 125|0x000000008a500000, 0x000000008a600000, 0x000000008a600000|100%| E|CS|TAMS 0x000000008a500000, 0x000000008a500000| Complete 

Card table byte_map: [0x0000020677430000,0x0000020677820000] _byte_map_base: 0x000002067701c000

Marking Bits (Prev, Next): (CMBitMap*) 0x00000206631c0ce0, (CMBitMap*) 0x00000206631c0ca0
 Prev Bits: [0x0000020679b70000, 0x000002067bad0000)
 Next Bits: [0x0000020677c10000, 0x0000020679b70000)

Polling page: 0x0000020663210000

Metaspace:

Usage:
  Non-class:     35.59 MB used.
      Class:      4.94 MB used.
       Both:     40.53 MB used.

Virtual space:
  Non-class space:       64.00 MB reserved,      35.88 MB ( 56%) committed,  1 nodes.
      Class space:        1.00 GB reserved,       5.19 MB ( <1%) committed,  1 nodes.
             Both:        1.06 GB reserved,      41.06 MB (  4%) committed. 

Chunk freelists:
   Non-Class:  11.98 MB
       Class:  10.87 MB
        Both:  22.86 MB

MaxMetaspaceSize: unlimited
CompressedClassSpaceSize: 1.00 GB
Initial GC threshold: 21.00 MB
Current GC threshold: 68.12 MB
CDS: off
MetaspaceReclaimPolicy: balanced
 - commit_granule_bytes: 65536.
 - commit_granule_words: 8192.
 - virtual_space_node_default_size: 8388608.
 - enlarge_chunks_in_place: 1.
 - new_chunks_are_fully_committed: 0.
 - uncommit_free_chunks: 1.
 - use_allocation_guard: 0.
 - handle_deallocations: 1.


Internal statistics:

num_allocs_failed_limit: 6.
num_arena_births: 610.
num_arena_deaths: 0.
num_vsnodes_births: 2.
num_vsnodes_deaths: 0.
num_space_committed: 657.
num_space_uncommitted: 0.
num_chunks_returned_to_freelist: 6.
num_chunks_taken_from_freelist: 1872.
num_chunk_merges: 3.
num_chunk_splits: 1259.
num_chunks_enlarged: 913.
num_inconsistent_stats: 0.

CodeHeap 'non-profiled nmethods': size=120000Kb used=2813Kb max_used=2813Kb free=117186Kb
 bounds [0x000002066f0b0000, 0x000002066f370000, 0x00000206765e0000]
CodeHeap 'profiled nmethods': size=120000Kb used=10350Kb max_used=10350Kb free=109650Kb
 bounds [0x00000206675e0000, 0x0000020668000000, 0x000002066eb10000]
CodeHeap 'non-nmethods': size=5760Kb used=1259Kb max_used=1334Kb free=4500Kb
 bounds [0x000002066eb10000, 0x000002066ed80000, 0x000002066f0b0000]
 total_blobs=5489 nmethods=4914 adapters=487
 compilation: enabled
              stopped_count=0, restarted_count=0
 full_count=0

Compilation events (20 events):
Event: 2107.134 Thread 0x000002067e62b9e0 4910       3       java.util.regex.Matcher::reset (128 bytes)
Event: 2107.134 Thread 0x000002067e62b9e0 nmethod 4910 0x0000020667fefc10 code [0x0000020667fefe00, 0x0000020667ff0398]
Event: 2107.134 Thread 0x000002067e62b9e0 4912       3       org.springframework.util.AntPathMatcher::matchStrings (11 bytes)
Event: 2107.135 Thread 0x000002067e62b9e0 nmethod 4912 0x0000020667ff0590 code [0x0000020667ff0740, 0x0000020667ff08f8]
Event: 2107.135 Thread 0x000002067e62b9e0 4911       3       java.lang.Character::isLowSurrogate (18 bytes)
Event: 2107.135 Thread 0x000002067e62b9e0 nmethod 4911 0x0000020667ff0a10 code [0x0000020667ff0ba0, 0x0000020667ff0d38]
Event: 2107.139 Thread 0x000002067e62b9e0 4913       3       org.springframework.core.annotation.AttributeMethods$$Lambda$77/0x0000000100117bb0::compare (12 bytes)
Event: 2107.140 Thread 0x000002067e62b9e0 nmethod 4913 0x0000020667ff0e10 code [0x0000020667ff0fe0, 0x0000020667ff1468]
Event: 2107.140 Thread 0x000002067e62b9e0 4914       3       org.springframework.core.annotation.AttributeMethods::lambda$static$0 (30 bytes)
Event: 2107.140 Thread 0x000002067e62b9e0 nmethod 4914 0x0000020667ff1610 code [0x0000020667ff17c0, 0x0000020667ff1a48]
Event: 2107.140 Thread 0x000002067e62b9e0 4915       3       org.springframework.util.ConcurrentReferenceHashMap::putIfAbsent (8 bytes)
Event: 2107.141 Thread 0x000002067e62b9e0 nmethod 4915 0x0000020667ff1b90 code [0x0000020667ff1d20, 0x0000020667ff1e68]
Event: 2107.145 Thread 0x000002067e62b9e0 4916       3       java.lang.reflect.Proxy::getInvocationHandler (68 bytes)
Event: 2107.150 Thread 0x000002067e62b9e0 nmethod 4916 0x0000020667ff1f10 code [0x0000020667ff2500, 0x0000020667ff5d38]
Event: 2107.150 Thread 0x000002067e62b9e0 4918       3       org.springframework.boot.context.annotation.ImportCandidates::stripComment (21 bytes)
Event: 2107.150 Thread 0x000002067e62b9e0 nmethod 4918 0x0000020667ff6d90 code [0x0000020667ff6f40, 0x0000020667ff7118]
Event: 2107.150 Thread 0x000002067e62b9e0 4917       3       java.util.HashSet::clear (8 bytes)
Event: 2107.150 Thread 0x000002067e62b9e0 nmethod 4917 0x0000020667ff7210 code [0x0000020667ff73c0, 0x0000020667ff7588]
Event: 2107.174 Thread 0x000002067e62b9e0 4920       3       org.springframework.boot.autoconfigure.condition.OnClassCondition$StandardOutcomesResolver::getOutcome (45 bytes)
Event: 2107.178 Thread 0x000002067e62b9e0 nmethod 4920 0x0000020667ff7690 code [0x0000020667ff7b00, 0x0000020667ff9a38]

GC Heap History (20 events):
Event: 1.856 GC heap before
{Heap before GC invocations=4 (full 0):
 garbage-first heap   total 30720K, used 9872K [0x0000000082800000, 0x0000000100000000)
  region size 1024K, 6 young (6144K), 5 survivors (5120K)
 Metaspace       used 24503K, committed 24832K, reserved 1114112K
  class space    used 2911K, committed 3072K, reserved 1048576K
}
Event: 1.861 GC heap after
{Heap after GC invocations=5 (full 0):
 garbage-first heap   total 30720K, used 9260K [0x0000000082800000, 0x0000000100000000)
  region size 1024K, 1 young (1024K), 1 survivors (1024K)
 Metaspace       used 24503K, committed 24832K, reserved 1114112K
  class space    used 2911K, committed 3072K, reserved 1048576K
}
Event: 2.281 GC heap before
{Heap before GC invocations=5 (full 0):
 garbage-first heap   total 30720K, used 21548K [0x0000000082800000, 0x0000000100000000)
  region size 1024K, 13 young (13312K), 1 survivors (1024K)
 Metaspace       used 25609K, committed 25920K, reserved 1114112K
  class space    used 3027K, committed 3200K, reserved 1048576K
}
Event: 2.283 GC heap after
{Heap after GC invocations=6 (full 0):
 garbage-first heap   total 30720K, used 9538K [0x0000000082800000, 0x0000000100000000)
  region size 1024K, 1 young (1024K), 1 survivors (1024K)
 Metaspace       used 25609K, committed 25920K, reserved 1114112K
  class space    used 3027K, committed 3200K, reserved 1048576K
}
Event: 2.748 GC heap before
{Heap before GC invocations=6 (full 0):
 garbage-first heap   total 30720K, used 22850K [0x0000000082800000, 0x0000000100000000)
  region size 1024K, 14 young (14336K), 1 survivors (1024K)
 Metaspace       used 27935K, committed 28288K, reserved 1114112K
  class space    used 3333K, committed 3520K, reserved 1048576K
}
Event: 2.750 GC heap after
{Heap after GC invocations=7 (full 0):
 garbage-first heap   total 30720K, used 10467K [0x0000000082800000, 0x0000000100000000)
  region size 1024K, 2 young (2048K), 2 survivors (2048K)
 Metaspace       used 27935K, committed 28288K, reserved 1114112K
  class space    used 3333K, committed 3520K, reserved 1048576K
}
Event: 3.179 GC heap before
{Heap before GC invocations=7 (full 0):
 garbage-first heap   total 30720K, used 21731K [0x0000000082800000, 0x0000000100000000)
  region size 1024K, 14 young (14336K), 2 survivors (2048K)
 Metaspace       used 30534K, committed 30848K, reserved 1114112K
  class space    used 3722K, committed 3840K, reserved 1048576K
}
Event: 3.183 GC heap after
{Heap after GC invocations=8 (full 0):
 garbage-first heap   total 30720K, used 11704K [0x0000000082800000, 0x0000000100000000)
  region size 1024K, 2 young (2048K), 2 survivors (2048K)
 Metaspace       used 30534K, committed 30848K, reserved 1114112K
  class space    used 3722K, committed 3840K, reserved 1048576K
}
Event: 3.557 GC heap before
{Heap before GC invocations=8 (full 0):
 garbage-first heap   total 30720K, used 22968K [0x0000000082800000, 0x0000000100000000)
  region size 1024K, 13 young (13312K), 2 survivors (2048K)
 Metaspace       used 32909K, committed 33280K, reserved 1114112K
  class space    used 3984K, committed 4160K, reserved 1048576K
}
Event: 3.562 GC heap after
{Heap after GC invocations=9 (full 0):
 garbage-first heap   total 30720K, used 12813K [0x0000000082800000, 0x0000000100000000)
  region size 1024K, 2 young (2048K), 2 survivors (2048K)
 Metaspace       used 32909K, committed 33280K, reserved 1114112K
  class space    used 3984K, committed 4160K, reserved 1048576K
}
Event: 3.904 GC heap before
{Heap before GC invocations=9 (full 0):
 garbage-first heap   total 30720K, used 23053K [0x0000000082800000, 0x0000000100000000)
  region size 1024K, 12 young (12288K), 2 survivors (2048K)
 Metaspace       used 34535K, committed 34944K, reserved 1114112K
  class space    used 4201K, committed 4416K, reserved 1048576K
}
Event: 3.910 GC heap after
{Heap after GC invocations=10 (full 0):
 garbage-first heap   total 79872K, used 13983K [0x0000000082800000, 0x0000000100000000)
  region size 1024K, 2 young (2048K), 2 survivors (2048K)
 Metaspace       used 34535K, committed 34944K, reserved 1114112K
  class space    used 4201K, committed 4416K, reserved 1048576K
}
Event: 4.118 GC heap before
{Heap before GC invocations=10 (full 0):
 garbage-first heap   total 79872K, used 21151K [0x0000000082800000, 0x0000000100000000)
  region size 1024K, 10 young (10240K), 2 survivors (2048K)
 Metaspace       used 35746K, committed 36160K, reserved 1114112K
  class space    used 4371K, committed 4608K, reserved 1048576K
}
Event: 4.122 GC heap after
{Heap after GC invocations=11 (full 0):
 garbage-first heap   total 79872K, used 14680K [0x0000000082800000, 0x0000000100000000)
  region size 1024K, 3 young (3072K), 3 survivors (3072K)
 Metaspace       used 35746K, committed 36160K, reserved 1114112K
  class space    used 4371K, committed 4608K, reserved 1048576K
}
Event: 422.765 GC heap before
{Heap before GC invocations=12 (full 0):
 garbage-first heap   total 55296K, used 44376K [0x0000000082800000, 0x0000000100000000)
  region size 1024K, 32 young (32768K), 3 survivors (3072K)
 Metaspace       used 40908K, committed 41344K, reserved 1114112K
  class space    used 5032K, committed 5248K, reserved 1048576K
}
Event: 422.773 GC heap after
{Heap after GC invocations=13 (full 0):
 garbage-first heap   total 55296K, used 17238K [0x0000000082800000, 0x0000000100000000)
  region size 1024K, 4 young (4096K), 4 survivors (4096K)
 Metaspace       used 40908K, committed 41344K, reserved 1114112K
  class space    used 5032K, committed 5248K, reserved 1048576K
}
Event: 1829.951 GC heap before
{Heap before GC invocations=13 (full 0):
 garbage-first heap   total 55296K, used 39766K [0x0000000082800000, 0x0000000100000000)
  region size 1024K, 26 young (26624K), 4 survivors (4096K)
 Metaspace       used 41239K, committed 41728K, reserved 1114112K
  class space    used 5034K, committed 5248K, reserved 1048576K
}
Event: 1829.969 GC heap after
{Heap after GC invocations=14 (full 0):
 garbage-first heap   total 55296K, used 17931K [0x0000000082800000, 0x0000000100000000)
  region size 1024K, 1 young (1024K), 1 survivors (1024K)
 Metaspace       used 41239K, committed 41728K, reserved 1114112K
  class space    used 5034K, committed 5248K, reserved 1048576K
}
Event: 2105.730 GC heap before
{Heap before GC invocations=14 (full 0):
 garbage-first heap   total 55296K, used 23051K [0x0000000082800000, 0x0000000100000000)
  region size 1024K, 7 young (7168K), 1 survivors (1024K)
 Metaspace       used 41424K, committed 41856K, reserved 1114112K
  class space    used 5059K, committed 5248K, reserved 1048576K
}
Event: 2105.843 GC heap after
{Heap after GC invocations=15 (full 1):
 garbage-first heap   total 55296K, used 14898K [0x0000000082800000, 0x0000000100000000)
  region size 1024K, 0 young (0K), 0 survivors (0K)
 Metaspace       used 41424K, committed 41856K, reserved 1114112K
  class space    used 5059K, committed 5248K, reserved 1048576K
}

Dll operation events (9 events):
Event: 0.011 Loaded shared library C:\Users\dushy\.vscode\extensions\redhat.java-1.33.0-win32-x64\jre\17.0.11-win32-x86_64\bin\java.dll
Event: 0.131 Loaded shared library C:\Users\dushy\.vscode\extensions\redhat.java-1.33.0-win32-x64\jre\17.0.11-win32-x86_64\bin\net.dll
Event: 0.132 Loaded shared library C:\Users\dushy\.vscode\extensions\redhat.java-1.33.0-win32-x64\jre\17.0.11-win32-x86_64\bin\nio.dll
Event: 0.139 Loaded shared library C:\Users\dushy\.vscode\extensions\redhat.java-1.33.0-win32-x64\jre\17.0.11-win32-x86_64\bin\zip.dll
Event: 0.262 Loaded shared library C:\Users\dushy\.vscode\extensions\redhat.java-1.33.0-win32-x64\jre\17.0.11-win32-x86_64\bin\jimage.dll
Event: 0.614 Loaded shared library C:\Users\dushy\.vscode\extensions\redhat.java-1.33.0-win32-x64\jre\17.0.11-win32-x86_64\bin\management.dll
Event: 0.617 Loaded shared library C:\Users\dushy\.vscode\extensions\redhat.java-1.33.0-win32-x64\jre\17.0.11-win32-x86_64\bin\management_ext.dll
Event: 1.637 Loaded shared library C:\Users\dushy\.vscode\extensions\redhat.java-1.33.0-win32-x64\jre\17.0.11-win32-x86_64\bin\sunmscapi.dll
Event: 4.192 Loaded shared library C:\Users\dushy\.vscode\extensions\redhat.java-1.33.0-win32-x64\jre\17.0.11-win32-x86_64\bin\extnet.dll

Deoptimization events (20 events):
Event: 2106.960 Thread 0x00000206054b0160 DEOPT PACKING pc=0x000002066f3520cc sp=0x0000002f1d7fdac0
Event: 2106.960 Thread 0x00000206054b0160 DEOPT UNPACKING pc=0x000002066eb669a3 sp=0x0000002f1d7fda90 mode 2
Event: 2107.087 Thread 0x00000206054b0160 Uncommon trap: trap_request=0xffffffc6 fr.pc=0x000002066f3520cc relative=0x0000000000000f6c
Event: 2107.087 Thread 0x00000206054b0160 Uncommon trap: reason=bimorphic_or_optimized_type_check action=maybe_recompile pc=0x000002066f3520cc method=java.util.AbstractCollection.containsAll(Ljava/util/Collection;)Z @ 1 c2
Event: 2107.087 Thread 0x00000206054b0160 DEOPT PACKING pc=0x000002066f3520cc sp=0x0000002f1d7fe3c0
Event: 2107.087 Thread 0x00000206054b0160 DEOPT UNPACKING pc=0x000002066eb669a3 sp=0x0000002f1d7fe390 mode 2
Event: 2107.111 Thread 0x00000206054b0160 Uncommon trap: trap_request=0xffffff45 fr.pc=0x000002066f21ea60 relative=0x00000000000009a0
Event: 2107.111 Thread 0x00000206054b0160 Uncommon trap: reason=unstable_if action=reinterpret pc=0x000002066f21ea60 method=org.springframework.beans.factory.support.RootBeanDefinition.getTargetType()Ljava/lang/Class; @ 18 c2
Event: 2107.111 Thread 0x00000206054b0160 DEOPT PACKING pc=0x000002066f21ea60 sp=0x0000002f1d7fe0e0
Event: 2107.111 Thread 0x00000206054b0160 DEOPT UNPACKING pc=0x000002066eb669a3 sp=0x0000002f1d7fdf40 mode 2
Event: 2107.111 Thread 0x00000206054b0160 Uncommon trap: trap_request=0xffffff45 fr.pc=0x000002066f241ab4 relative=0x0000000000000714
Event: 2107.111 Thread 0x00000206054b0160 Uncommon trap: reason=unstable_if action=reinterpret pc=0x000002066f241ab4 method=org.springframework.beans.factory.support.RootBeanDefinition.getTargetType()Ljava/lang/Class; @ 18 c2
Event: 2107.111 Thread 0x00000206054b0160 DEOPT PACKING pc=0x000002066f241ab4 sp=0x0000002f1d7fe030
Event: 2107.111 Thread 0x00000206054b0160 DEOPT UNPACKING pc=0x000002066eb669a3 sp=0x0000002f1d7fdf00 mode 2
Event: 2107.111 Thread 0x00000206054b0160 Uncommon trap: trap_request=0xffffff45 fr.pc=0x000002066f1d1a58 relative=0x0000000000000298
Event: 2107.111 Thread 0x00000206054b0160 Uncommon trap: reason=unstable_if action=reinterpret pc=0x000002066f1d1a58 method=org.springframework.beans.factory.support.RootBeanDefinition.getTargetType()Ljava/lang/Class; @ 18 c2
Event: 2107.111 Thread 0x00000206054b0160 DEOPT PACKING pc=0x000002066f1d1a58 sp=0x0000002f1d7fdf70
Event: 2107.111 Thread 0x00000206054b0160 DEOPT UNPACKING pc=0x000002066eb669a3 sp=0x0000002f1d7fdef0 mode 2
Event: 2107.153 Thread 0x00000206054b0160 DEOPT PACKING pc=0x0000020667fb32a1 sp=0x0000002f1d7fdb10
Event: 2107.153 Thread 0x00000206054b0160 DEOPT UNPACKING pc=0x000002066eb67143 sp=0x0000002f1d7fcfc8 mode 0

Classes unloaded (0 events):
No events

Classes redefined (0 events):
No events

Internal exceptions (20 events):
Event: 3.349 Thread 0x000002067efd9a00 Exception <a 'sun/nio/fs/WindowsException'{0x00000000840c18b8}> (0x00000000840c18b8) 
thrown [s\src\hotspot\share\prims\jni.cpp, line 516]
Event: 3.349 Thread 0x000002067efd9a00 Exception <a 'sun/nio/fs/WindowsException'{0x00000000840c1c10}> (0x00000000840c1c10) 
thrown [s\src\hotspot\share\prims\jni.cpp, line 516]
Event: 3.403 Thread 0x000002067efd9a00 Exception <a 'java/lang/NoSuchMethodError'{0x0000000083ffa770}: 'java.lang.Object java.lang.invoke.DirectMethodHandle$Holder.invokeSpecial(java.lang.Object, java.lang.Object, long, java.lang.Object, java.lang.Object, java.lang.Object, java.lang.Object, java.lang.Object, java.lang.Object)'> (0x0000000083ffa770) 
thrown [s\src\hotspot\share\interpreter\linkResolver.cpp, line 759]
Event: 3.403 Thread 0x000002067efd9a00 Exception <a 'java/lang/NoSuchMethodError'{0x0000000083fff298}: 'java.lang.Object java.lang.invoke.DelegatingMethodHandle$Holder.reinvoke_L(java.lang.Object, long, java.lang.Object, java.lang.Object, java.lang.Object, java.lang.Object, java.lang.Object, java.lang.Object)'> (0x0000000083fff298) 
thrown [s\src\hotspot\share\interpreter\linkResolver.cpp, line 759]
Event: 3.463 Thread 0x000002067efd9a00 Exception <a 'java/io/FileNotFoundException'{0x0000000083d3a9d8}> (0x0000000083d3a9d8) 
thrown [s\src\hotspot\share\prims\jni.cpp, line 516]
Event: 3.484 Thread 0x000002067efd9a00 Exception <a 'java/lang/NoSuchMethodError'{0x0000000083c0b158}: 'int java.lang.invoke.DirectMethodHandle$Holder.invokeInterface(java.lang.Object, java.lang.Object, java.lang.Object, java.lang.Object)'> (0x0000000083c0b158) 
thrown [s\src\hotspot\share\interpreter\linkResolver.cpp, line 759]
Event: 3.549 Thread 0x000002067efd9a00 Exception <a 'java/lang/NoSuchMethodError'{0x0000000083bc9450}: 'long java.lang.invoke.DirectMethodHandle$Holder.invokeVirtual(java.lang.Object, java.lang.Object)'> (0x0000000083bc9450) 
thrown [s\src\hotspot\share\interpreter\linkResolver.cpp, line 759]
Event: 3.556 Thread 0x000002067efd9a00 Exception <a 'java/io/FileNotFoundException'{0x0000000083bf8dc8}> (0x0000000083bf8dc8) 
thrown [s\src\hotspot\share\prims\jni.cpp, line 516]
Event: 3.882 Thread 0x000002067efd9a00 Exception <a 'sun/nio/fs/WindowsException'{0x0000000083ddc478}> (0x0000000083ddc478) 
thrown [s\src\hotspot\share\prims\jni.cpp, line 516]
Event: 3.923 Thread 0x000002067efd9a00 Exception <a 'java/lang/IncompatibleClassChangeError'{0x000000008a56cbc8}: Found class java.lang.Object, but interface was expected> (0x000000008a56cbc8) 
thrown [s\src\hotspot\share\interpreter\linkResolver.cpp, line 826]
Event: 3.957 Thread 0x000002067efd9a00 Exception <a 'java/lang/NoSuchMethodError'{0x00000000884975e8}: 'void java.lang.invoke.DirectMethodHandle$Holder.invokeVirtual(java.lang.Object, java.lang.Object, long)'> (0x00000000884975e8) 
thrown [s\src\hotspot\share\interpreter\linkResolver.cpp, line 759]
Event: 4.033 Thread 0x000002067efd9a00 Exception <a 'java/lang/NoSuchMethodError'{0x000000008719aed8}: 'int java.lang.invoke.DirectMethodHandle$Holder.invokeStaticInit(java.lang.Object, java.lang.Object, java.lang.Object, java.lang.Object)'> (0x000000008719aed8) 
thrown [s\src\hotspot\share\interpreter\linkResolver.cpp, line 759]
Event: 4.230 Thread 0x000002067efd9a00 Exception <a 'java/lang/NoSuchMethodError'{0x00000000859e2fd8}: 'java.lang.Object java.lang.invoke.DirectMethodHandle$Holder.newInvokeSpecial(java.lang.Object, java.lang.Object, int, java.lang.Object, java.lang.Object)'> (0x00000000859e2fd8) 
thrown [s\src\hotspot\share\interpreter\linkResolver.cpp, line 759]
Event: 13.062 Thread 0x00000206069a3f50 Exception <a 'java/lang/NoSuchMethodError'{0x00000000852cf740}: 'java.lang.Object java.lang.invoke.DirectMethodHandle$Holder.invokeSpecial(java.lang.Object, java.lang.Object, java.lang.Object, java.lang.Object, java.lang.Object, long)'> (0x00000000852cf740) 
thrown [s\src\hotspot\share\interpreter\linkResolver.cpp, line 759]
Event: 13.063 Thread 0x00000206069a3f50 Exception <a 'java/lang/NoSuchMethodError'{0x00000000852d3180}: 'java.lang.Object java.lang.invoke.Invokers$Holder.linkToTargetMethod(java.lang.Object, java.lang.Object, java.lang.Object, long, java.lang.Object)'> (0x00000000852d3180) 
thrown [s\src\hotspot\share\interpreter\linkResolver.cpp, line 759]
Event: 13.535 Thread 0x00000206069a2600 Exception <a 'java/lang/NoSuchMethodError'{0x0000000084672210}: 'java.lang.Object java.lang.invoke.DirectMethodHandle$Holder.invokeStatic(java.lang.Object, int, int)'> (0x0000000084672210) 
thrown [s\src\hotspot\share\interpreter\linkResolver.cpp, line 759]
Event: 2105.664 Thread 0x00000206054afc50 Exception <a 'java/lang/NoSuchMethodError'{0x0000000085803350}: 'void java.lang.invoke.DirectMethodHandle$Holder.invokeInterface(java.lang.Object, java.lang.Object)'> (0x0000000085803350) 
thrown [s\src\hotspot\share\interpreter\linkResolver.cpp, line 759]
Event: 2105.727 Thread 0x000002060504ffd0 Exception <a 'java/lang/InterruptedException'{0x0000000085846408}: sleep interrupted> (0x0000000085846408) 
thrown [s\src\hotspot\share\prims\jvm.cpp, line 3064]
Event: 2106.401 Thread 0x00000206054b0160 Exception <a 'sun/nio/fs/WindowsException'{0x000000008a572fc0}> (0x000000008a572fc0) 
thrown [s\src\hotspot\share\prims\jni.cpp, line 516]
Event: 2107.131 Thread 0x00000206054b0160 Exception <a 'sun/nio/fs/WindowsException'{0x0000000086cf7dc0}> (0x0000000086cf7dc0) 
thrown [s\src\hotspot\share\prims\jni.cpp, line 516]

VM Operations (20 events):
Event: 1829.951 Executing VM operation: G1CollectForAllocation
Event: 1829.969 Executing VM operation: G1CollectForAllocation done
Event: 1929.719 Executing VM operation: Cleanup
Event: 1929.719 Executing VM operation: Cleanup done
Event: 1940.780 Executing VM operation: Cleanup
Event: 1940.780 Executing VM operation: Cleanup done
Event: 1941.792 Executing VM operation: Cleanup
Event: 1941.792 Executing VM operation: Cleanup done
Event: 2046.519 Executing VM operation: Cleanup
Event: 2046.519 Executing VM operation: Cleanup done
Event: 2053.550 Executing VM operation: Cleanup
Event: 2053.550 Executing VM operation: Cleanup done
Event: 2079.746 Executing VM operation: Cleanup
Event: 2079.746 Executing VM operation: Cleanup done
Event: 2104.930 Executing VM operation: Cleanup
Event: 2104.976 Executing VM operation: Cleanup done
Event: 2105.730 Executing VM operation: G1CollectFull
Event: 2105.846 Executing VM operation: G1CollectFull done
Event: 2106.849 Executing VM operation: Cleanup
Event: 2106.885 Executing VM operation: Cleanup done

Events (20 events):
Event: 2105.638 Thread 0x00000206069a3f50 Thread exited: 0x00000206069a3f50
Event: 2105.646 Thread 0x00000206069a58a0 Thread exited: 0x00000206069a58a0
Event: 2105.647 Thread 0x00000206069a3020 Thread exited: 0x00000206069a3020
Event: 2105.647 Thread 0x00000206069a2b10 Thread exited: 0x00000206069a2b10
Event: 2105.647 Thread 0x00000206069a4460 Thread exited: 0x00000206069a4460
Event: 2105.720 loading class java/util/WeakHashMap$KeyIterator
Event: 2105.720 loading class java/util/WeakHashMap$HashIterator
Event: 2105.721 loading class java/util/WeakHashMap$HashIterator done
Event: 2105.721 loading class java/util/WeakHashMap$KeyIterator done
Event: 2105.727 Thread 0x000002060504ffd0 Thread exited: 0x000002060504ffd0
Event: 2105.847 loading class java/lang/ref/Finalizer$2
Event: 2105.847 loading class java/lang/ref/Finalizer$2 done
Event: 2105.847 loading class java/lang/ref/Finalizer$1
Event: 2105.847 loading class java/lang/ref/Finalizer$1 done
Event: 2105.847 Thread 0x00000206054addf0 Thread added: 0x00000206054addf0
Event: 2106.122 Thread 0x00000206054addf0 Thread exited: 0x00000206054addf0
Event: 2106.132 Thread 0x00000206054b0160 Thread added: 0x00000206054b0160
Event: 2106.593 Thread 0x0000020604cca910 Thread exited: 0x0000020604cca910
Event: 2106.987 Thread 0x0000020604594540 Thread exited: 0x0000020604594540
Event: 2107.168 Thread 0x00000206054af230 Thread added: 0x00000206054af230


Dynamic libraries:
0x00007ff7e8610000 - 0x00007ff7e861e000 	C:\Users\dushy\.vscode\extensions\redhat.java-1.33.0-win32-x64\jre\17.0.11-win32-x86_64\bin\java.exe
0x00007ff884d70000 - 0x00007ff884f87000 	C:\WINDOWS\SYSTEM32\ntdll.dll
0x00007ff883f10000 - 0x00007ff883fd4000 	C:\WINDOWS\System32\KERNEL32.DLL
0x00007ff8822b0000 - 0x00007ff88265d000 	C:\WINDOWS\System32\KERNELBASE.dll
0x00007ff882840000 - 0x00007ff882951000 	C:\WINDOWS\System32\ucrtbase.dll
0x00007ff841410000 - 0x00007ff841427000 	C:\Users\dushy\.vscode\extensions\redhat.java-1.33.0-win32-x64\jre\17.0.11-win32-x86_64\bin\jli.dll
0x00007ff842220000 - 0x00007ff84223b000 	C:\Users\dushy\.vscode\extensions\redhat.java-1.33.0-win32-x64\jre\17.0.11-win32-x86_64\bin\VCRUNTIME140.dll
0x00007ff8844d0000 - 0x00007ff88467e000 	C:\WINDOWS\System32\USER32.dll
0x00007ff86c580000 - 0x00007ff86c813000 	C:\WINDOWS\WinSxS\amd64_microsoft.windows.common-controls_6595b64144ccf1df_6.0.22621.3672_none_2713b9d173822955\COMCTL32.dll
0x00007ff882810000 - 0x00007ff882836000 	C:\WINDOWS\System32\win32u.dll
0x00007ff882ab0000 - 0x00007ff882b57000 	C:\WINDOWS\System32\msvcrt.dll
0x00007ff883d60000 - 0x00007ff883d89000 	C:\WINDOWS\System32\GDI32.dll
0x00007ff882990000 - 0x00007ff882aa9000 	C:\WINDOWS\System32\gdi32full.dll
0x00007ff882210000 - 0x00007ff8822aa000 	C:\WINDOWS\System32\msvcp_win.dll
0x00007ff883e50000 - 0x00007ff883e81000 	C:\WINDOWS\System32\IMM32.DLL
0x00007ff84fdf0000 - 0x00007ff84fdfc000 	C:\Users\dushy\.vscode\extensions\redhat.java-1.33.0-win32-x64\jre\17.0.11-win32-x86_64\bin\vcruntime140_1.dll
0x00007ff83d990000 - 0x00007ff83da1d000 	C:\Users\dushy\.vscode\extensions\redhat.java-1.33.0-win32-x64\jre\17.0.11-win32-x86_64\bin\msvcp140.dll
0x00007fffcfa20000 - 0x00007fffd0682000 	C:\Users\dushy\.vscode\extensions\redhat.java-1.33.0-win32-x64\jre\17.0.11-win32-x86_64\bin\server\jvm.dll
0x00007ff884800000 - 0x00007ff8848b2000 	C:\WINDOWS\System32\ADVAPI32.dll
0x00007ff882d50000 - 0x00007ff882df9000 	C:\WINDOWS\System32\sechost.dll
0x00007ff882960000 - 0x00007ff882988000 	C:\WINDOWS\System32\bcrypt.dll
0x00007ff883c40000 - 0x00007ff883d54000 	C:\WINDOWS\System32\RPCRT4.dll
0x00007ff880ef0000 - 0x00007ff880f3d000 	C:\WINDOWS\SYSTEM32\POWRPROF.dll
0x00007ff84f940000 - 0x00007ff84f949000 	C:\WINDOWS\SYSTEM32\WSOCK32.dll
0x00007ff883e90000 - 0x00007ff883f01000 	C:\WINDOWS\System32\WS2_32.dll
0x00007ff87d960000 - 0x00007ff87d994000 	C:\WINDOWS\SYSTEM32\WINMM.dll
0x00007ff87dca0000 - 0x00007ff87dcaa000 	C:\WINDOWS\SYSTEM32\VERSION.dll
0x00007ff880ed0000 - 0x00007ff880ee3000 	C:\WINDOWS\SYSTEM32\UMPDC.dll
0x00007ff881180000 - 0x00007ff881198000 	C:\WINDOWS\SYSTEM32\kernel.appcore.dll
0x00007ff84f780000 - 0x00007ff84f78a000 	C:\Users\dushy\.vscode\extensions\redhat.java-1.33.0-win32-x64\jre\17.0.11-win32-x86_64\bin\jimage.dll
0x00007ff87f980000 - 0x00007ff87fbb2000 	C:\WINDOWS\SYSTEM32\DBGHELP.DLL
0x00007ff884910000 - 0x00007ff884c98000 	C:\WINDOWS\System32\combase.dll
0x00007ff882b60000 - 0x00007ff882c37000 	C:\WINDOWS\System32\OLEAUT32.dll
0x00007ff85ef80000 - 0x00007ff85efb2000 	C:\WINDOWS\SYSTEM32\dbgcore.DLL
0x00007ff8826d0000 - 0x00007ff88274b000 	C:\WINDOWS\System32\bcryptPrimitives.dll
0x00007ff83fe20000 - 0x00007ff83fe45000 	C:\Users\dushy\.vscode\extensions\redhat.java-1.33.0-win32-x64\jre\17.0.11-win32-x86_64\bin\java.dll
0x00007ff83e610000 - 0x00007ff83e628000 	C:\Users\dushy\.vscode\extensions\redhat.java-1.33.0-win32-x64\jre\17.0.11-win32-x86_64\bin\zip.dll
0x00007ff8833e0000 - 0x00007ff883c3f000 	C:\WINDOWS\System32\SHELL32.dll
0x00007ff87ffa0000 - 0x00007ff88089c000 	C:\WINDOWS\SYSTEM32\windows.storage.dll
0x00007ff87fe60000 - 0x00007ff87ff9f000 	C:\WINDOWS\SYSTEM32\wintypes.dll
0x00007ff882e00000 - 0x00007ff882ef4000 	C:\WINDOWS\System32\SHCORE.dll
0x00007ff884210000 - 0x00007ff88426e000 	C:\WINDOWS\System32\shlwapi.dll
0x00007ff881fd0000 - 0x00007ff881ff1000 	C:\WINDOWS\SYSTEM32\profapi.dll
0x00007ff83e4f0000 - 0x00007ff83e509000 	C:\Users\dushy\.vscode\extensions\redhat.java-1.33.0-win32-x64\jre\17.0.11-win32-x86_64\bin\net.dll
0x00007ff87dd70000 - 0x00007ff87dea6000 	C:\WINDOWS\SYSTEM32\WINHTTP.dll
0x00007ff8815f0000 - 0x00007ff881659000 	C:\WINDOWS\system32\mswsock.dll
0x00007ff83bb90000 - 0x00007ff83bba6000 	C:\Users\dushy\.vscode\extensions\redhat.java-1.33.0-win32-x64\jre\17.0.11-win32-x86_64\bin\nio.dll
0x00007ff84d920000 - 0x00007ff84d929000 	C:\Users\dushy\.vscode\extensions\redhat.java-1.33.0-win32-x64\jre\17.0.11-win32-x86_64\bin\management.dll
0x00007ff84d720000 - 0x00007ff84d72b000 	C:\Users\dushy\.vscode\extensions\redhat.java-1.33.0-win32-x64\jre\17.0.11-win32-x86_64\bin\management_ext.dll
0x00007ff883e40000 - 0x00007ff883e48000 	C:\WINDOWS\System32\PSAPI.DLL
0x00007ff84c4a0000 - 0x00007ff84c4ae000 	C:\Users\dushy\.vscode\extensions\redhat.java-1.33.0-win32-x64\jre\17.0.11-win32-x86_64\bin\sunmscapi.dll
0x00007ff8820a0000 - 0x00007ff882207000 	C:\WINDOWS\System32\CRYPT32.dll
0x00007ff881a50000 - 0x00007ff881a7e000 	C:\WINDOWS\SYSTEM32\ncrypt.dll
0x00007ff881a10000 - 0x00007ff881a47000 	C:\WINDOWS\SYSTEM32\NTASN1.dll
0x00007ff881810000 - 0x00007ff88182b000 	C:\WINDOWS\SYSTEM32\CRYPTSP.dll
0x00007ff8810e0000 - 0x00007ff881115000 	C:\WINDOWS\system32\rsaenh.dll
0x00007ff8816b0000 - 0x00007ff8816d8000 	C:\WINDOWS\SYSTEM32\USERENV.dll
0x00007ff881830000 - 0x00007ff88183c000 	C:\WINDOWS\SYSTEM32\CRYPTBASE.dll
0x00007ff880b70000 - 0x00007ff880b9d000 	C:\WINDOWS\SYSTEM32\IPHLPAPI.DLL
0x00007ff884440000 - 0x00007ff884449000 	C:\WINDOWS\System32\NSI.dll
0x00007ff87e0f0000 - 0x00007ff87e109000 	C:\WINDOWS\SYSTEM32\dhcpcsvc6.DLL
0x00007ff87e0d0000 - 0x00007ff87e0ef000 	C:\WINDOWS\SYSTEM32\dhcpcsvc.DLL
0x00007ff880be0000 - 0x00007ff880cd8000 	C:\WINDOWS\SYSTEM32\DNSAPI.dll
0x00007ff871000000 - 0x00007ff871009000 	C:\Users\dushy\.vscode\extensions\redhat.java-1.33.0-win32-x64\jre\17.0.11-win32-x86_64\bin\extnet.dll
0x00007ff870ef0000 - 0x00007ff870ef8000 	C:\WINDOWS\system32\wshunix.dll

dbghelp: loaded successfully - version: 4.0.5 - missing functions: none
symbol engine: initialized successfully - sym options: 0x614 - pdb path: .;C:\Users\dushy\.vscode\extensions\redhat.java-1.33.0-win32-x64\jre\17.0.11-win32-x86_64\bin;C:\WINDOWS\SYSTEM32;C:\WINDOWS\WinSxS\amd64_microsoft.windows.common-controls_6595b64144ccf1df_6.0.22621.3672_none_2713b9d173822955;C:\Users\dushy\.vscode\extensions\redhat.java-1.33.0-win32-x64\jre\17.0.11-win32-x86_64\bin\server

VM Arguments:
jvm_args: -XX:+ShowCodeDetailsInExceptionMessages 
java_command: com.Employee.EmployeeManagementApplication
java_class_path (initial): C:\Users\dushy\Documents\workspace-spring-tool-suite-4-4.24.0.RELEASE\Employee-management\target\classes;C:\Users\dushy\.m2\repository\org\springframework\boot\spring-boot-starter-thymeleaf\3.3.2\spring-boot-starter-thymeleaf-3.3.2.jar;C:\Users\dushy\.m2\repository\org\springframework\boot\spring-boot-starter\3.3.2\spring-boot-starter-3.3.2.jar;C:\Users\dushy\.m2\repository\org\springframework\boot\spring-boot-starter-logging\3.3.2\spring-boot-starter-logging-3.3.2.jar;C:\Users\dushy\.m2\repository\ch\qos\logback\logback-classic\1.5.6\logback-classic-1.5.6.jar;C:\Users\dushy\.m2\repository\ch\qos\logback\logback-core\1.5.6\logback-core-1.5.6.jar;C:\Users\dushy\.m2\repository\org\apache\logging\log4j\log4j-to-slf4j\2.23.1\log4j-to-slf4j-2.23.1.jar;C:\Users\dushy\.m2\repository\org\apache\logging\log4j\log4j-api\2.23.1\log4j-api-2.23.1.jar;C:\Users\dushy\.m2\repository\org\slf4j\jul-to-slf4j\2.0.13\jul-to-slf4j-2.0.13.jar;C:\Users\dushy\.m2\repository\jakarta\annotation\jakarta.annotation-api\2.1.1\jakarta.annotation-api-2.1.1.jar;C:\Users\dushy\.m2\repository\org\yaml\snakeyaml\2.2\snakeyaml-2.2.jar;C:\Users\dushy\.m2\repository\org\thymeleaf\thymeleaf-spring6\3.1.2.RELEASE\thymeleaf-spring6-3.1.2.RELEASE.jar;C:\Users\dushy\.m2\repository\org\thymeleaf\thymeleaf\3.1.2.RELEASE\thymeleaf-3.1.2.RELEASE.jar;C:\Users\dushy\.m2\repository\org\attoparser\attoparser\2.0.7.RELEASE\attoparser-2.0.7.RELEASE.jar;C:\Users\dushy\.m2\repository\org\unbescape\unbescape\1.1.6.RELEASE\unbescape-1.1.6.RELEASE.jar;C:\Users\dushy\.m2\repository\org\slf4j\slf4j-api\2.0.13\slf4j-api-2.0.13.jar;C:\Users\dushy\.m2\repository\org\springframework\boot\spring-boot-starter-web\3.3.2\spring-boot-starter-web-3.3.2.jar;C:\Users\dushy\.m2\repository\org\springframework\boot\spring-boot-starter-json\3.3.2\spring-boot-starter-json-3.3.2.jar;C:\Users\dushy\.m2\repository\com\fasterxml\jackson\core\jackson-databind\2.17.2\jackson-databind-2.17.2.jar;C:\Users\dushy\.m2\reposi
Launcher Type: SUN_STANDARD

[Global flags]
     intx CICompilerCount                          = 4                                         {product} {ergonomic}
     uint ConcGCThreads                            = 2                                         {product} {ergonomic}
     uint G1ConcRefinementThreads                  = 8                                         {product} {ergonomic}
   size_t G1HeapRegionSize                         = 1048576                                   {product} {ergonomic}
    uintx GCDrainStackTargetSize                   = 64                                        {product} {ergonomic}
   size_t InitialHeapSize                          = 132120576                                 {product} {ergonomic}
   size_t MarkStackSize                            = 4194304                                   {product} {ergonomic}
   size_t MaxHeapSize                              = 2105540608                                {product} {ergonomic}
   size_t MaxNewSize                               = 1262485504                                {product} {ergonomic}
   size_t MinHeapDeltaBytes                        = 1048576                                   {product} {ergonomic}
   size_t MinHeapSize                              = 8388608                                   {product} {ergonomic}
    uintx NonNMethodCodeHeapSize                   = 5839372                                {pd product} {ergonomic}
    uintx NonProfiledCodeHeapSize                  = 122909434                              {pd product} {ergonomic}
    uintx ProfiledCodeHeapSize                     = 122909434                              {pd product} {ergonomic}
    uintx ReservedCodeCacheSize                    = 251658240                              {pd product} {ergonomic}
     bool SegmentedCodeCache                       = true                                      {product} {ergonomic}
     bool ShowCodeDetailsInExceptionMessages       = true                                   {manageable} {command line}
   size_t SoftMaxHeapSize                          = 2105540608                             {manageable} {ergonomic}
     bool UseCompressedClassPointers               = true                           {product lp64_product} {ergonomic}
     bool UseCompressedOops                        = true                           {product lp64_product} {ergonomic}
     bool UseG1GC                                  = true                                      {product} {ergonomic}
     bool UseLargePagesIndividualAllocation        = false                                  {pd product} {ergonomic}

Logging:
Log output configuration:
 #0: stdout all=warning uptime,level,tags
 #1: stderr all=off uptime,level,tags

Environment Variables:
PATH=C:\Python312\Scripts\;C:\Python312\;C:\Program Files\Common Files\Oracle\Java\javapath;C:\oraclexe\app\oracle\product\11.2.0\server\bin;C:\WINDOWS\system32;C:\WINDOWS;C:\WINDOWS\System32\Wbem;C:\WINDOWS\System32\WindowsPowerShell\v1.0\;C:\WINDOWS\System32\OpenSSH\;C:\Program Files (x86)\NVIDIA Corporation\PhysX\Common;C:\ProgramData\chocolatey\bin;C:\Program Files (x86)\Yarn\bin\;C:\RailsInstaller\;C:\Program Files\dotnet\;C:\Program Files\Git\cmd;C:\Program Files\nodejs\;C:\Users\dushy\AppData\Local\Microsoft\WindowsApps;D:\Microsoft VS Code\bin;C:\Program Files\Java\jdk-20\bin;C:\Users\dushy\AppData\Local\Yarn\bin;C:\php-8.3.6;C:\Users\dushy\AppData\Local\Microsoft\WinGet\Packages\Schniz.fnm_Microsoft.Winget.Source_8wekyb3d8bbwe;C:\Users\dushy\AppData\Roaming\npm
USERNAME=dushy
LANG=en_US.UTF-8
OS=Windows_NT
PROCESSOR_IDENTIFIER=Intel64 Family 6 Model 165 Stepping 2, GenuineIntel
TMP=C:\Users\dushy\AppData\Local\Temp
TEMP=C:\Users\dushy\AppData\Local\Temp



Periodic native trim disabled


---------------  S Y S T E M  ---------------

OS:
 Windows 11 , 64 bit Build 22621 (10.0.22621.3672)
OS uptime: 4 days 1:15 hours
Hyper-V role detected

CPU: total 8 (initial active 8) (4 cores per cpu, 2 threads per core) family 6 model 165 stepping 2 microcode 0xe0, cx8, cmov, fxsr, ht, mmx, 3dnowpref, sse, sse2, sse3, ssse3, sse4.1, sse4.2, popcnt, lzcnt, tsc, tscinvbit, avx, avx2, aes, erms, clmul, bmi1, bmi2, adx, fma, vzeroupper, clflush, clflushopt, hv
Processor Information for all 8 processors :
  Max Mhz: 2496, Current Mhz: 2496, Mhz Limit: 2496

Memory: 4k page, system-wide physical 8029M (314M free)
TotalPageFile size 27921M (AvailPageFile size 0M)
current process WorkingSet (physical memory assigned to process): 135M, peak: 184M
current process commit charge ("private bytes"): 213M, peak: 257M

vm_info: OpenJDK 64-Bit Server VM (17.0.11+9) for windows-amd64 JRE (17.0.11+9), built on Apr 17 2024 06:07:48 by "admin" with MS VC++ 16.10 / 16.11 (VS2019)

END.
